<?xml version="1.0" encoding="UTF-8"?>
<!-- Generated by org.testng.reporters.JUnitReportReporter -->
<testsuite hostname="User-PC" failures="0" tests="2" name="test.TestCase2" time="18.965" errors="0" timestamp="2023-03-09T19:20:24 ART" skipped="0">
  <testcase classname="test.TestCase2" name="openShowValues" time="8.665"/>
  <system-out/>
  <testcase classname="test.TestCase2" name="openShowValues" time="10.300"/>
  <system-out/>
</testsuite> <!-- test.TestCase2 -->
