<?xml version="1.0" encoding="UTF-8"?>
<!-- Generated by org.testng.reporters.JUnitReportReporter -->
<testsuite skipped="0" hostname="User-PC" name="test.TestCase1" tests="1" failures="0" timestamp="2023-03-10T18:28:34 ART" time="21.243" errors="0">
  <testcase name="openJavaScriptDelay" time="21.243" classname="test.TestCase1"/>
  <system-out/>
</testsuite> <!-- test.TestCase1 -->
