<?xml version="1.0" encoding="UTF-8"?>
<!-- Generated by org.testng.reporters.JUnitReportReporter -->
<testsuite hostname="User-PC" failures="0" tests="1" name="test.TestwithReport" time="9.561" errors="0" timestamp="2023-03-09T19:20:24 ART" skipped="0">
  <testcase classname="test.TestwithReport" name="testWithReport" time="9.561"/>
  <system-out/>
</testsuite> <!-- test.TestwithReport -->
