<?xml version="1.0" encoding="UTF-8"?>
<!-- Generated by org.testng.reporters.JUnitReportReporter -->
<testsuite hostname="User-PC" failures="0" tests="2" name="test.TestDataProviderHashMapJson" time="16.277" errors="0" timestamp="2023-03-09T19:20:24 ART" skipped="0">
  <testcase classname="test.TestDataProviderHashMapJson" name="openShowValues" time="8.507"/>
  <system-out/>
  <testcase classname="test.TestDataProviderHashMapJson" name="openShowValues" time="7.770"/>
  <system-out/>
</testsuite> <!-- test.TestDataProviderHashMapJson -->
